#-----------------------------------------------------------
# Vivado v2018.1 (64-bit)
# SW Build 2188600 on Wed Apr  4 18:40:38 MDT 2018
# IP Build 2185939 on Wed Apr  4 20:55:05 MDT 2018
# Start of session at: Wed Jul 17 13:48:23 2019
# Process ID: 8540
# Current directory: C:/Users/admin/Desktop/GIT/Windows/ZCU106_CustomIP
# Command line: vivado.exe -gui_launcher_event rodinguilauncherevent3768 C:\Users\admin\Desktop\GIT\Windows\ZCU106_CustomIP\ZCU106_CustomIP.xpr
# Log file: C:/Users/admin/Desktop/GIT/Windows/ZCU106_CustomIP/vivado.log
# Journal file: C:/Users/admin/Desktop/GIT/Windows/ZCU106_CustomIP\vivado.jou
#-----------------------------------------------------------
start_gui
open_project C:/Users/admin/Desktop/GIT/Windows/ZCU106_CustomIP/ZCU106_CustomIP.xpr
INFO: [Project 1-313] Project file moved from 'D:/Projects/FPGA_Zynq/Development/ZCU106_CustomIP' since last save.
Scanning sources...
Finished scanning sources
WARNING: [Project 1-509] GeneratedRun file for 'synth_1' not found
WARNING: [Project 1-509] GeneratedRun file for 'impl_1' not found
INFO: [IP_Flow 19-234] Refreshing IP repositories
INFO: [IP_Flow 19-1700] Loaded user IP repository 'c:/Users/admin/Desktop/GIT/Windows/ZCU106_CustomIP/ip_repo'.
INFO: [IP_Flow 19-2313] Loaded Vivado IP repository 'C:/Xilinx/Vivado/2018.1/data/ip'.
open_project: Time (s): cpu = 00:00:34 ; elapsed = 00:00:27 . Memory (MB): peak = 1198.629 ; gain = 456.922
open_bd_design {C:/Users/admin/Desktop/GIT/Windows/ZCU106_CustomIP/ZCU106_CustomIP.srcs/sources_1/bd/system/system.bd}
Adding cell -- xilinx.com:ip:zynq_ultra_ps_e:3.2 - zynq_ultra_ps_e_0
Adding cell -- xilinx.com:ip:proc_sys_reset:5.0 - rst_ps8_0_99M
Adding cell -- xilinx.com:user:myip:1.0 - myip_0
Adding cell -- xilinx.com:ip:axi_dwidth_converter:2.1 - auto_ds
Adding cell -- xilinx.com:ip:axi_protocol_converter:2.1 - auto_pc
Successfully read diagram <system> from BD file <C:/Users/admin/Desktop/GIT/Windows/ZCU106_CustomIP/ZCU106_CustomIP.srcs/sources_1/bd/system/system.bd>
open_bd_design: Time (s): cpu = 00:00:09 ; elapsed = 00:00:11 . Memory (MB): peak = 1198.629 ; gain = 0.000
exit
INFO: [Common 17-206] Exiting Vivado at Wed Jul 17 13:49:22 2019...
