#-----------------------------------------------------------
# Vivado v2018.1 (64-bit)
# SW Build 2188600 on Wed Apr  4 18:40:38 MDT 2018
# IP Build 2185939 on Wed Apr  4 20:55:05 MDT 2018
# Start of session at: Tue Jul  9 08:11:39 2019
# Process ID: 10840
# Current directory: D:/Projects/FPGA_Zynq/Development/ZCU106_CustomIP
# Command line: vivado.exe -gui_launcher_event rodinguilauncherevent10700 D:\Projects\FPGA_Zynq\Development\ZCU106_CustomIP\ZCU106_CustomIP.xpr
# Log file: D:/Projects/FPGA_Zynq/Development/ZCU106_CustomIP/vivado.log
# Journal file: D:/Projects/FPGA_Zynq/Development/ZCU106_CustomIP\vivado.jou
#-----------------------------------------------------------
start_gui
open_project D:/Projects/FPGA_Zynq/Development/ZCU106_CustomIP/ZCU106_CustomIP.xpr
Scanning sources...
Finished scanning sources
INFO: [IP_Flow 19-234] Refreshing IP repositories
INFO: [IP_Flow 19-1700] Loaded user IP repository 'd:/Projects/FPGA_Zynq/Development/ZCU106_CustomIP/ip_repo'.
INFO: [IP_Flow 19-2313] Loaded Vivado IP repository 'C:/Xilinx/Vivado/2018.1/data/ip'.
open_project: Time (s): cpu = 00:00:32 ; elapsed = 00:00:31 . Memory (MB): peak = 1168.277 ; gain = 476.871
update_compile_order -fileset sources_1
launch_sdk -workspace D:/Projects/FPGA_Zynq/Development/ZCU106_CustomIP/ZCU106_CustomIP.sdk -hwspec D:/Projects/FPGA_Zynq/Development/ZCU106_CustomIP/ZCU106_CustomIP.sdk/system_wrapper.hdf
INFO: [Vivado 12-393] Launching SDK...
INFO: [Vivado 12-417] Running xsdk -workspace D:/Projects/FPGA_Zynq/Development/ZCU106_CustomIP/ZCU106_CustomIP.sdk -hwspec D:/Projects/FPGA_Zynq/Development/ZCU106_CustomIP/ZCU106_CustomIP.sdk/system_wrapper.hdf
INFO: [Vivado 12-3157] SDK launch initiated. Please check console for any further messages.
